<?xml version="1.0" encoding="UTF-8"?>
<!-- Generated by org.testng.reporters.JUnitReportReporter -->
<testsuite hostname="ZSCHN01LP0090" failures="0" tests="4" name="testScripts.EnabledSample" time="13.237" errors="0" timestamp="2024-02-06T17:06:50 IST" skipped="1">
  <testcase classname="testScripts.EnabledSample" name="searchAppiumTest" time="4.845"/>
  <testcase classname="testScripts.EnabledSample" name="searchJavaTest" time="4.359"/>
  <testcase classname="testScripts.EnabledSample" name="searchSeleniumTest" time="4.033"/>
  <testcase classname="testScripts.EnabledSample" name="searchCucumber">
    <skipped/>
  </testcase> <!-- searchCucumber -->
</testsuite> <!-- testScripts.EnabledSample -->
