<?xml version="1.0" encoding="UTF-8"?>
<!-- Generated by org.testng.reporters.JUnitReportReporter -->
<testsuite hostname="ZSCHN01LP0090" failures="0" tests="1" name="testScripts.DropdownTest" time="5.032" errors="0" timestamp="2024-02-06T17:06:50 IST" skipped="0">
  <testcase classname="testScripts.DropdownTest" name="MultiDropDown" time="5.032"/>
</testsuite> <!-- testScripts.DropdownTest -->
