<?xml version="1.0" encoding="UTF-8"?>
<!-- Generated by org.testng.reporters.JUnitReportReporter -->
<testsuite hostname="ZSCHN01LP0090" failures="0" tests="1" name="testScripts.DbEmployeetable" time="0.008" errors="0" timestamp="2024-02-12T12:36:59 IST" skipped="0">
  <testcase classname="testScripts.DbEmployeetable" name="test" time="0.008"/>
</testsuite> <!-- testScripts.DbEmployeetable -->
