<?xml version="1.0" encoding="UTF-8"?>
<!-- Generated by org.testng.reporters.JUnitReportReporter -->
<testsuite hostname="ZSCHN01LP0090" failures="0" tests="4" name="groupScript.FeatureSample" time="0.002" errors="0" timestamp="2024-02-06T17:06:50 IST" skipped="0">
  <testcase classname="groupScript.FeatureSample" name="testFourth" time="0.001"/>
  <testcase classname="groupScript.FeatureSample" name="testSecond" time="0.001"/>
  <testcase classname="groupScript.FeatureSample" name="testOne" time="0.000"/>
  <testcase classname="groupScript.FeatureSample" name="testThird" time="0.000"/>
</testsuite> <!-- groupScript.FeatureSample -->
