<?xml version="1.0" encoding="UTF-8"?>
<!-- Generated by org.testng.reporters.JUnitReportReporter -->
<testsuite hostname="ZSCHN01LP0090" failures="0" tests="1" name="testScripts.Jan30LambaTestBlog" time="5.381" errors="0" timestamp="2024-02-06T17:06:50 IST" skipped="0">
  <testcase classname="testScripts.Jan30LambaTestBlog" name="playRight" time="5.381"/>
</testsuite> <!-- testScripts.Jan30LambaTestBlog -->
