<?xml version="1.0" encoding="UTF-8"?>
<!-- Generated by org.testng.reporters.JUnitReportReporter -->
<testsuite hostname="ZSCHN01LP0090" failures="0" tests="1" name="testScripts.GoogleSearchTest" time="7.329" errors="0" timestamp="2024-02-06T17:06:50 IST" skipped="0">
  <testcase classname="testScripts.GoogleSearchTest" name="searchJavaTest" time="7.329"/>
</testsuite> <!-- testScripts.GoogleSearchTest -->
