<?xml version="1.0" encoding="UTF-8"?>
<!-- Generated by org.testng.reporters.JUnitReportReporter -->
<testsuite hostname="ZSCHN01LP0090" failures="0" tests="7" name="testScripts.feb5_demoblaze_loginVerification" time="9.404" errors="0" timestamp="2024-02-07T17:11:59 IST" skipped="0">
  <testcase classname="testScripts.feb5_demoblaze_loginVerification" name="usernameIncorrectTest" time="2.107"/>
  <testcase classname="testScripts.feb5_demoblaze_loginVerification" name="passwordIncorrectTest" time="1.423"/>
  <testcase classname="testScripts.feb5_demoblaze_loginVerification" name="passwordEmptyTest" time="0.858"/>
  <testcase classname="testScripts.feb5_demoblaze_loginVerification" name="usernameEmptyTest" time="1.937"/>
  <testcase classname="testScripts.feb5_demoblaze_loginVerification" name="usernamePasswordEmptyTest" time="0.963"/>
  <testcase classname="testScripts.feb5_demoblaze_loginVerification" name="emptyUsernameWrongPasswordTest" time="0.969"/>
  <testcase classname="testScripts.feb5_demoblaze_loginVerification" name="emptyPasswordWrongUsernameTest" time="1.147"/>
</testsuite> <!-- testScripts.feb5_demoblaze_loginVerification -->
