<?xml version="1.0" encoding="UTF-8"?>
<!-- Generated by org.testng.reporters.JUnitReportReporter -->
<testsuite hostname="ZSCHN01LP0090" failures="0" tests="4" name="parallelScripts.ParallelSample1" time="13.682" errors="0" timestamp="2024-02-06T17:06:50 IST" skipped="0">
  <testcase classname="parallelScripts.ParallelSample1" name="testSecond" time="3.526"/>
  <testcase classname="parallelScripts.ParallelSample1" name="testFourth" time="2.977"/>
  <testcase classname="parallelScripts.ParallelSample1" name="testOne" time="3.941"/>
  <testcase classname="parallelScripts.ParallelSample1" name="testThird" time="3.238"/>
</testsuite> <!-- parallelScripts.ParallelSample1 -->
