<?xml version="1.0" encoding="UTF-8"?>
<!-- Generated by org.testng.reporters.JUnitReportReporter -->
<testsuite hostname="ZSCHN01LP0090" failures="0" tests="1" name="testScripts.DBTesting" time="0.010" errors="0" timestamp="2024-02-10T11:54:56 IST" skipped="0">
  <testcase classname="testScripts.DBTesting" name="test" time="0.010"/>
</testsuite> <!-- testScripts.DBTesting -->
