<?xml version="1.0" encoding="UTF-8"?>
<!-- Generated by org.testng.reporters.JUnitReportReporter -->
<testsuite hostname="ZSCHN01LP0090" failures="0" tests="4" name="testScripts.PrioritySampleTest" time="20.712" errors="0" timestamp="2024-02-06T17:06:50 IST" skipped="0">
  <testcase classname="testScripts.PrioritySampleTest" name="searchSeleniumTest" time="4.931"/>
  <testcase classname="testScripts.PrioritySampleTest" name="searchCucumber" time="4.614"/>
  <testcase classname="testScripts.PrioritySampleTest" name="searchJavaTest" time="5.849"/>
  <testcase classname="testScripts.PrioritySampleTest" name="searchAppiumTest" time="5.318"/>
</testsuite> <!-- testScripts.PrioritySampleTest -->
