<?xml version="1.0" encoding="UTF-8"?>
<!-- Generated by org.testng.reporters.JUnitReportReporter -->
<testsuite hostname="ZSCHN01LP0090" failures="0" tests="4" name="parallelScripts.ParallelSample" time="11.882" errors="0" timestamp="2024-02-06T17:06:50 IST" skipped="0">
  <testcase classname="parallelScripts.ParallelSample" name="testThird" time="3.784"/>
  <testcase classname="parallelScripts.ParallelSample" name="testOne" time="2.681"/>
  <testcase classname="parallelScripts.ParallelSample" name="testFourth" time="2.411"/>
  <testcase classname="parallelScripts.ParallelSample" name="testSecond" time="3.006"/>
</testsuite> <!-- parallelScripts.ParallelSample -->
