<?xml version="1.0" encoding="UTF-8"?>
<!-- Generated by org.testng.reporters.JUnitReportReporter -->
<testsuite hostname="ZSCHN01LP0090" failures="0" tests="4" name="parallelScripts.ParallelSample2" time="12.027" errors="0" timestamp="2024-02-06T17:06:50 IST" skipped="0">
  <testcase classname="parallelScripts.ParallelSample2" name="testSecond" time="2.913"/>
  <testcase classname="parallelScripts.ParallelSample2" name="testFourth" time="3.162"/>
  <testcase classname="parallelScripts.ParallelSample2" name="testOne" time="2.756"/>
  <testcase classname="parallelScripts.ParallelSample2" name="testThird" time="3.196"/>
</testsuite> <!-- parallelScripts.ParallelSample2 -->
